<?xml version="1.0" encoding="UTF-8"?>
<!-- Generated by org.testng.reporters.JUnitXMLReporter -->
<testsuite hostname="RajuG" name="Default test" tests="4" failures="0" timestamp="30 Oct 2022 13:30:23 GMT" time="94.927" errors="0">
  <testcase name="test1" time="2.681" classname="Selenium.Casestudy_selenium"/>
  <testcase name="test2" time="7.829" classname="Selenium.Casestudy_selenium"/>
  <testcase name="test3" time="1.485" classname="Selenium.Casestudy_selenium"/>
  <testcase name="TestCase2" time="8.374" classname="Selenium.Casestudy_selenium"/>
</testsuite> <!-- Default test -->
